2024-01-19 15:13:16,852 - ruautogui.keyboard - DEBUG - Switched to english keyboard layout
2024-01-19 15:13:16,852 - ruautogui.keyboard - DEBUG - Switched to english keyboard layout
2024-01-19 15:13:16,961 - ruautogui.keyboard - DEBUG - Switched to english keyboard layout
2024-01-19 15:13:16,961 - ruautogui.keyboard - DEBUG - Switched to english keyboard layout
2024-01-19 15:13:17,070 - ruautogui.keyboard - DEBUG - Switched to english keyboard layout
2024-01-19 15:13:17,070 - ruautogui.keyboard - DEBUG - Switched to english keyboard layout
2024-01-19 15:13:17,172 - ruautogui.keyboard - DEBUG - Switched to english keyboard layout
2024-01-19 15:13:17,172 - ruautogui.keyboard - DEBUG - Switched to english keyboard layout
2024-01-19 15:13:17,275 - ruautogui.keyboard - DEBUG - Switched to english keyboard layout
2024-01-19 15:13:17,275 - ruautogui.keyboard - DEBUG - Switched to english keyboard layout
2024-01-19 15:13:38,409 - ruautogui.keyboard - DEBUG - Switched to russian keyboard layout
2024-01-19 15:13:38,409 - ruautogui.keyboard - DEBUG - Switched to russian keyboard layout
2024-01-19 15:13:38,512 - ruautogui.keyboard - DEBUG - Switched to russian keyboard layout
2024-01-19 15:13:38,512 - ruautogui.keyboard - DEBUG - Switched to russian keyboard layout
2024-01-19 15:13:38,615 - ruautogui.keyboard - DEBUG - Switched to russian keyboard layout
2024-01-19 15:13:38,615 - ruautogui.keyboard - DEBUG - Switched to russian keyboard layout
2024-01-19 15:13:38,716 - ruautogui.keyboard - DEBUG - Switched to russian keyboard layout
2024-01-19 15:13:38,716 - ruautogui.keyboard - DEBUG - Switched to russian keyboard layout
2024-01-19 15:13:38,818 - ruautogui.keyboard - DEBUG - Switched to russian keyboard layout
2024-01-19 15:13:38,818 - ruautogui.keyboard - DEBUG - Switched to russian keyboard layout
2024-01-19 15:14:26,627 - ruautogui.keyboard - DEBUG - Switched to russian keyboard layout
2024-01-19 15:14:26,627 - ruautogui.keyboard - DEBUG - Switched to russian keyboard layout
2024-01-19 15:14:26,729 - ruautogui.keyboard - DEBUG - Switched to russian keyboard layout
2024-01-19 15:14:26,729 - ruautogui.keyboard - DEBUG - Switched to russian keyboard layout
2024-01-19 15:14:26,832 - ruautogui.keyboard - DEBUG - Switched to russian keyboard layout
2024-01-19 15:14:26,832 - ruautogui.keyboard - DEBUG - Switched to russian keyboard layout
2024-01-19 15:14:26,934 - ruautogui.keyboard - DEBUG - Switched to russian keyboard layout
2024-01-19 15:14:26,934 - ruautogui.keyboard - DEBUG - Switched to russian keyboard layout
2024-01-19 15:14:27,037 - ruautogui.keyboard - DEBUG - Switched to russian keyboard layout
2024-01-19 15:14:27,037 - ruautogui.keyboard - DEBUG - Switched to russian keyboard layout
2024-01-19 15:20:15,809 - ruautogui.keyboard - DEBUG - Switched to english keyboard layout
2024-01-19 15:20:15,809 - ruautogui.keyboard - DEBUG - Switched to english keyboard layout
2024-01-19 15:20:15,912 - ruautogui.keyboard - DEBUG - Switched to english keyboard layout
2024-01-19 15:20:15,912 - ruautogui.keyboard - DEBUG - Switched to english keyboard layout
2024-01-19 15:20:16,014 - ruautogui.keyboard - DEBUG - Switched to english keyboard layout
2024-01-19 15:20:16,014 - ruautogui.keyboard - DEBUG - Switched to english keyboard layout
2024-01-19 15:20:16,115 - ruautogui.keyboard - DEBUG - Switched to english keyboard layout
2024-01-19 15:20:16,115 - ruautogui.keyboard - DEBUG - Switched to english keyboard layout
2024-01-19 15:20:16,218 - ruautogui.keyboard - DEBUG - Switched to english keyboard layout
2024-01-19 15:20:16,218 - ruautogui.keyboard - DEBUG - Switched to english keyboard layout
2024-01-19 15:20:37,443 - ruautogui.keyboard - DEBUG - Switched to russian keyboard layout
2024-01-19 15:20:37,443 - ruautogui.keyboard - DEBUG - Switched to russian keyboard layout
2024-01-19 15:20:37,546 - ruautogui.keyboard - DEBUG - Switched to russian keyboard layout
2024-01-19 15:20:37,546 - ruautogui.keyboard - DEBUG - Switched to russian keyboard layout
2024-01-19 15:20:37,648 - ruautogui.keyboard - DEBUG - Switched to russian keyboard layout
2024-01-19 15:20:37,648 - ruautogui.keyboard - DEBUG - Switched to russian keyboard layout
2024-01-19 15:20:37,751 - ruautogui.keyboard - DEBUG - Switched to russian keyboard layout
2024-01-19 15:20:37,751 - ruautogui.keyboard - DEBUG - Switched to russian keyboard layout
2024-01-19 15:20:37,855 - ruautogui.keyboard - DEBUG - Switched to russian keyboard layout
2024-01-19 15:20:37,855 - ruautogui.keyboard - DEBUG - Switched to russian keyboard layout
2024-01-19 15:21:10,635 - ruautogui.keyboard - DEBUG - Switched to english keyboard layout
2024-01-19 15:21:10,635 - ruautogui.keyboard - DEBUG - Switched to english keyboard layout
2024-01-19 15:21:13,196 - ruautogui.keyboard - DEBUG - Switched to russian keyboard layout
2024-01-19 15:21:13,196 - ruautogui.keyboard - DEBUG - Switched to russian keyboard layout
2024-01-19 15:23:29,493 - ruautogui.keyboard - DEBUG - Switched to english keyboard layout
2024-01-19 15:23:29,493 - ruautogui.keyboard - DEBUG - Switched to english keyboard layout
2024-01-19 15:23:29,594 - ruautogui.keyboard - DEBUG - Switched to english keyboard layout
2024-01-19 15:23:29,594 - ruautogui.keyboard - DEBUG - Switched to english keyboard layout
2024-01-19 15:23:29,697 - ruautogui.keyboard - DEBUG - Switched to english keyboard layout
2024-01-19 15:23:29,697 - ruautogui.keyboard - DEBUG - Switched to english keyboard layout
2024-01-19 15:23:29,798 - ruautogui.keyboard - DEBUG - Switched to english keyboard layout
2024-01-19 15:23:29,798 - ruautogui.keyboard - DEBUG - Switched to english keyboard layout
2024-01-19 15:23:29,900 - ruautogui.keyboard - DEBUG - Switched to english keyboard layout
2024-01-19 15:23:29,900 - ruautogui.keyboard - DEBUG - Switched to english keyboard layout
2024-01-19 15:23:45,084 - ruautogui.keyboard - DEBUG - Switched to russian keyboard layout
2024-01-19 15:23:45,084 - ruautogui.keyboard - DEBUG - Switched to russian keyboard layout
2024-01-19 15:31:17,075 - ruautogui.keyboard - ERROR - Symbol "
" not found in virtual keys! Skipping...
2024-01-19 15:31:17,075 - ruautogui.keyboard - ERROR - Symbol "
" not found in virtual keys! Skipping...
2024-01-19 15:31:17,344 - ruautogui.keyboard - DEBUG - Switched to english keyboard layout
2024-01-19 15:31:17,344 - ruautogui.keyboard - DEBUG - Switched to english keyboard layout
2024-01-19 15:31:17,534 - ruautogui.keyboard - DEBUG - Switched to russian keyboard layout
2024-01-19 15:31:17,534 - ruautogui.keyboard - DEBUG - Switched to russian keyboard layout
2024-01-19 15:31:17,809 - ruautogui.keyboard - DEBUG - Switched to english keyboard layout
2024-01-19 15:31:17,809 - ruautogui.keyboard - DEBUG - Switched to english keyboard layout
2024-01-19 15:31:17,988 - ruautogui.keyboard - DEBUG - Switched to russian keyboard layout
2024-01-19 15:31:17,988 - ruautogui.keyboard - DEBUG - Switched to russian keyboard layout
2024-01-19 15:31:18,201 - ruautogui.keyboard - DEBUG - Switched to english keyboard layout
2024-01-19 15:31:18,201 - ruautogui.keyboard - DEBUG - Switched to english keyboard layout
2024-01-19 15:31:18,370 - ruautogui.keyboard - ERROR - Symbol "
" not found in virtual keys! Skipping...
2024-01-19 15:31:18,370 - ruautogui.keyboard - ERROR - Symbol "
" not found in virtual keys! Skipping...
2024-01-19 15:31:18,370 - ruautogui.keyboard - DEBUG - Switched to russian keyboard layout
2024-01-19 15:31:18,370 - ruautogui.keyboard - DEBUG - Switched to russian keyboard layout
2024-01-19 15:31:18,512 - ruautogui.keyboard - ERROR - Symbol "
" not found in virtual keys! Skipping...
2024-01-19 15:31:18,512 - ruautogui.keyboard - ERROR - Symbol "
" not found in virtual keys! Skipping...
2024-01-19 15:31:18,512 - ruautogui.keyboard - ERROR - Symbol "	" not found in virtual keys! Skipping...
2024-01-19 15:31:18,512 - ruautogui.keyboard - ERROR - Symbol "	" not found in virtual keys! Skipping...
2024-01-19 15:31:18,929 - ruautogui.keyboard - DEBUG - Switched to english keyboard layout
2024-01-19 15:31:18,929 - ruautogui.keyboard - DEBUG - Switched to english keyboard layout
2024-01-19 15:31:19,063 - ruautogui.keyboard - DEBUG - Switched to russian keyboard layout
2024-01-19 15:31:19,063 - ruautogui.keyboard - DEBUG - Switched to russian keyboard layout
2024-01-19 15:33:14,522 - ruautogui.keyboard - DEBUG - Switched to english keyboard layout
2024-01-19 15:33:14,522 - ruautogui.keyboard - DEBUG - Switched to english keyboard layout
2024-01-19 15:33:14,680 - ruautogui.keyboard - DEBUG - Switched to russian keyboard layout
2024-01-19 15:33:14,680 - ruautogui.keyboard - DEBUG - Switched to russian keyboard layout
2024-01-19 15:33:14,960 - ruautogui.keyboard - DEBUG - Switched to english keyboard layout
2024-01-19 15:33:14,960 - ruautogui.keyboard - DEBUG - Switched to english keyboard layout
2024-01-19 15:33:15,127 - ruautogui.keyboard - DEBUG - Switched to russian keyboard layout
2024-01-19 15:33:15,127 - ruautogui.keyboard - DEBUG - Switched to russian keyboard layout
2024-01-19 15:33:15,404 - ruautogui.keyboard - DEBUG - Switched to english keyboard layout
2024-01-19 15:33:15,404 - ruautogui.keyboard - DEBUG - Switched to english keyboard layout
2024-01-19 15:33:15,652 - ruautogui.keyboard - DEBUG - Switched to russian keyboard layout
2024-01-19 15:33:15,652 - ruautogui.keyboard - DEBUG - Switched to russian keyboard layout
2024-01-19 15:33:15,902 - ruautogui.keyboard - ERROR - Symbol "	" not found in virtual keys! Skipping...
2024-01-19 15:33:15,902 - ruautogui.keyboard - ERROR - Symbol "	" not found in virtual keys! Skipping...
2024-01-19 15:33:16,295 - ruautogui.keyboard - DEBUG - Switched to english keyboard layout
2024-01-19 15:33:16,295 - ruautogui.keyboard - DEBUG - Switched to english keyboard layout
2024-01-19 15:33:16,464 - ruautogui.keyboard - DEBUG - Switched to russian keyboard layout
2024-01-19 15:33:16,464 - ruautogui.keyboard - DEBUG - Switched to russian keyboard layout
2024-01-19 15:33:17,439 - ruautogui.keyboard - DEBUG - Switched to english keyboard layout
2024-01-19 15:33:17,439 - ruautogui.keyboard - DEBUG - Switched to english keyboard layout
2024-01-19 15:33:17,593 - ruautogui.keyboard - DEBUG - Switched to russian keyboard layout
2024-01-19 15:33:17,593 - ruautogui.keyboard - DEBUG - Switched to russian keyboard layout
2024-01-19 15:33:18,288 - ruautogui.keyboard - DEBUG - Switched to english keyboard layout
2024-01-19 15:33:18,288 - ruautogui.keyboard - DEBUG - Switched to english keyboard layout
2024-01-19 15:33:18,581 - ruautogui.keyboard - DEBUG - Switched to russian keyboard layout
2024-01-19 15:33:18,581 - ruautogui.keyboard - DEBUG - Switched to russian keyboard layout
2024-01-19 15:33:18,714 - ruautogui.keyboard - ERROR - Symbol "	" not found in virtual keys! Skipping...
2024-01-19 15:33:18,714 - ruautogui.keyboard - ERROR - Symbol "	" not found in virtual keys! Skipping...
2024-01-19 15:33:19,012 - ruautogui.keyboard - DEBUG - Switched to english keyboard layout
2024-01-19 15:33:19,012 - ruautogui.keyboard - DEBUG - Switched to english keyboard layout
2024-01-19 15:33:19,186 - ruautogui.keyboard - DEBUG - Switched to russian keyboard layout
2024-01-19 15:33:19,186 - ruautogui.keyboard - DEBUG - Switched to russian keyboard layout
2024-01-19 15:33:20,853 - ruautogui.keyboard - ERROR - Symbol "	" not found in virtual keys! Skipping...
2024-01-19 15:33:20,853 - ruautogui.keyboard - ERROR - Symbol "	" not found in virtual keys! Skipping...
2024-01-19 15:33:21,219 - ruautogui.keyboard - DEBUG - Switched to english keyboard layout
2024-01-19 15:33:21,219 - ruautogui.keyboard - DEBUG - Switched to english keyboard layout
2024-01-19 15:33:21,373 - ruautogui.keyboard - DEBUG - Switched to russian keyboard layout
2024-01-19 15:33:21,373 - ruautogui.keyboard - DEBUG - Switched to russian keyboard layout
2024-01-19 15:33:22,164 - ruautogui.keyboard - DEBUG - Switched to english keyboard layout
2024-01-19 15:33:22,164 - ruautogui.keyboard - DEBUG - Switched to english keyboard layout
2024-01-19 15:33:22,364 - ruautogui.keyboard - DEBUG - Switched to russian keyboard layout
2024-01-19 15:33:22,364 - ruautogui.keyboard - DEBUG - Switched to russian keyboard layout
2024-01-19 15:33:22,689 - ruautogui.keyboard - DEBUG - Switched to english keyboard layout
2024-01-19 15:33:22,689 - ruautogui.keyboard - DEBUG - Switched to english keyboard layout
2024-01-19 15:33:22,855 - ruautogui.keyboard - DEBUG - Switched to russian keyboard layout
2024-01-19 15:33:22,855 - ruautogui.keyboard - DEBUG - Switched to russian keyboard layout
2024-01-19 15:33:23,212 - ruautogui.keyboard - DEBUG - Switched to english keyboard layout
2024-01-19 15:33:23,212 - ruautogui.keyboard - DEBUG - Switched to english keyboard layout
2024-01-19 15:33:23,381 - ruautogui.keyboard - DEBUG - Switched to russian keyboard layout
2024-01-19 15:33:23,381 - ruautogui.keyboard - DEBUG - Switched to russian keyboard layout
2024-01-19 15:33:23,861 - ruautogui.keyboard - DEBUG - Switched to english keyboard layout
2024-01-19 15:33:23,861 - ruautogui.keyboard - DEBUG - Switched to english keyboard layout
2024-01-19 15:33:24,230 - ruautogui.keyboard - DEBUG - Switched to russian keyboard layout
2024-01-19 15:33:24,230 - ruautogui.keyboard - DEBUG - Switched to russian keyboard layout
2024-01-19 15:33:24,404 - ruautogui.keyboard - ERROR - Symbol "	" not found in virtual keys! Skipping...
2024-01-19 15:33:24,404 - ruautogui.keyboard - ERROR - Symbol "	" not found in virtual keys! Skipping...
2024-01-19 15:33:24,530 - ruautogui.keyboard - DEBUG - Switched to english keyboard layout
2024-01-19 15:33:24,530 - ruautogui.keyboard - DEBUG - Switched to english keyboard layout
2024-01-19 15:33:24,706 - ruautogui.keyboard - DEBUG - Switched to russian keyboard layout
2024-01-19 15:33:24,706 - ruautogui.keyboard - DEBUG - Switched to russian keyboard layout
2024-01-19 15:33:25,483 - ruautogui.keyboard - DEBUG - Switched to english keyboard layout
2024-01-19 15:33:25,483 - ruautogui.keyboard - DEBUG - Switched to english keyboard layout
2024-01-19 15:33:25,630 - ruautogui.keyboard - DEBUG - Switched to russian keyboard layout
2024-01-19 15:33:25,630 - ruautogui.keyboard - DEBUG - Switched to russian keyboard layout
2024-01-19 15:33:25,843 - ruautogui.keyboard - DEBUG - Switched to english keyboard layout
2024-01-19 15:33:25,843 - ruautogui.keyboard - DEBUG - Switched to english keyboard layout
2024-01-19 15:33:26,031 - ruautogui.keyboard - DEBUG - Switched to russian keyboard layout
2024-01-19 15:33:26,031 - ruautogui.keyboard - DEBUG - Switched to russian keyboard layout
2024-01-19 15:33:27,580 - ruautogui.keyboard - DEBUG - Switched to english keyboard layout
2024-01-19 15:33:27,580 - ruautogui.keyboard - DEBUG - Switched to english keyboard layout
2024-01-19 15:33:27,781 - ruautogui.keyboard - DEBUG - Switched to russian keyboard layout
2024-01-19 15:33:27,781 - ruautogui.keyboard - DEBUG - Switched to russian keyboard layout
2024-01-19 15:33:28,710 - ruautogui.keyboard - DEBUG - Switched to english keyboard layout
2024-01-19 15:33:28,710 - ruautogui.keyboard - DEBUG - Switched to english keyboard layout
2024-01-19 15:33:28,902 - ruautogui.keyboard - DEBUG - Switched to russian keyboard layout
2024-01-19 15:33:28,902 - ruautogui.keyboard - DEBUG - Switched to russian keyboard layout
2024-01-19 15:33:29,736 - ruautogui.keyboard - ERROR - Symbol "	" not found in virtual keys! Skipping...
2024-01-19 15:33:29,736 - ruautogui.keyboard - ERROR - Symbol "	" not found in virtual keys! Skipping...
2024-01-19 15:33:31,129 - ruautogui.keyboard - DEBUG - Switched to english keyboard layout
2024-01-19 15:33:31,129 - ruautogui.keyboard - DEBUG - Switched to english keyboard layout
2024-01-19 15:33:31,297 - ruautogui.keyboard - DEBUG - Switched to russian keyboard layout
2024-01-19 15:33:31,297 - ruautogui.keyboard - DEBUG - Switched to russian keyboard layout
2024-01-19 15:33:33,041 - ruautogui.keyboard - DEBUG - Switched to english keyboard layout
2024-01-19 15:33:33,041 - ruautogui.keyboard - DEBUG - Switched to english keyboard layout
2024-01-19 15:33:33,206 - ruautogui.keyboard - DEBUG - Switched to russian keyboard layout
2024-01-19 15:33:33,206 - ruautogui.keyboard - DEBUG - Switched to russian keyboard layout
2024-01-19 15:33:33,705 - ruautogui.keyboard - DEBUG - Switched to english keyboard layout
2024-01-19 15:33:33,705 - ruautogui.keyboard - DEBUG - Switched to english keyboard layout
2024-01-19 15:33:33,888 - ruautogui.keyboard - DEBUG - Switched to russian keyboard layout
2024-01-19 15:33:33,888 - ruautogui.keyboard - DEBUG - Switched to russian keyboard layout
2024-01-19 15:33:34,119 - ruautogui.keyboard - DEBUG - Switched to english keyboard layout
2024-01-19 15:33:34,119 - ruautogui.keyboard - DEBUG - Switched to english keyboard layout
2024-01-19 15:33:34,283 - ruautogui.keyboard - DEBUG - Switched to russian keyboard layout
2024-01-19 15:33:34,283 - ruautogui.keyboard - DEBUG - Switched to russian keyboard layout
2024-01-19 15:33:34,434 - ruautogui.keyboard - DEBUG - Switched to english keyboard layout
2024-01-19 15:33:34,434 - ruautogui.keyboard - DEBUG - Switched to english keyboard layout
2024-01-19 15:33:34,611 - ruautogui.keyboard - DEBUG - Switched to russian keyboard layout
2024-01-19 15:33:34,611 - ruautogui.keyboard - DEBUG - Switched to russian keyboard layout
2024-01-19 15:33:34,932 - ruautogui.keyboard - DEBUG - Switched to english keyboard layout
2024-01-19 15:33:34,932 - ruautogui.keyboard - DEBUG - Switched to english keyboard layout
2024-01-19 15:33:35,097 - ruautogui.keyboard - DEBUG - Switched to russian keyboard layout
2024-01-19 15:33:35,097 - ruautogui.keyboard - DEBUG - Switched to russian keyboard layout
2024-01-19 15:33:35,707 - ruautogui.keyboard - DEBUG - Switched to english keyboard layout
2024-01-19 15:33:35,707 - ruautogui.keyboard - DEBUG - Switched to english keyboard layout
2024-01-19 15:33:35,890 - ruautogui.keyboard - DEBUG - Switched to russian keyboard layout
2024-01-19 15:33:35,890 - ruautogui.keyboard - DEBUG - Switched to russian keyboard layout
2024-01-19 15:33:36,708 - ruautogui.keyboard - DEBUG - Switched to english keyboard layout
2024-01-19 15:33:36,708 - ruautogui.keyboard - DEBUG - Switched to english keyboard layout
2024-01-19 15:33:36,897 - ruautogui.keyboard - DEBUG - Switched to russian keyboard layout
2024-01-19 15:33:36,897 - ruautogui.keyboard - DEBUG - Switched to russian keyboard layout
2024-01-19 15:33:37,830 - ruautogui.keyboard - DEBUG - Switched to english keyboard layout
2024-01-19 15:33:37,830 - ruautogui.keyboard - DEBUG - Switched to english keyboard layout
2024-01-19 15:33:38,026 - ruautogui.keyboard - DEBUG - Switched to russian keyboard layout
2024-01-19 15:33:38,026 - ruautogui.keyboard - DEBUG - Switched to russian keyboard layout
2024-01-19 15:33:38,507 - ruautogui.keyboard - DEBUG - Switched to english keyboard layout
2024-01-19 15:33:38,507 - ruautogui.keyboard - DEBUG - Switched to english keyboard layout
2024-01-19 15:33:38,663 - ruautogui.keyboard - DEBUG - Switched to russian keyboard layout
2024-01-19 15:33:38,663 - ruautogui.keyboard - DEBUG - Switched to russian keyboard layout
2024-01-19 15:33:39,044 - ruautogui.keyboard - DEBUG - Switched to english keyboard layout
2024-01-19 15:33:39,044 - ruautogui.keyboard - DEBUG - Switched to english keyboard layout
2024-01-19 15:33:39,202 - ruautogui.keyboard - DEBUG - Switched to russian keyboard layout
2024-01-19 15:33:39,202 - ruautogui.keyboard - DEBUG - Switched to russian keyboard layout
2024-01-19 15:33:40,466 - ruautogui.keyboard - DEBUG - Switched to english keyboard layout
2024-01-19 15:33:40,466 - ruautogui.keyboard - DEBUG - Switched to english keyboard layout
2024-01-19 15:33:40,647 - ruautogui.keyboard - DEBUG - Switched to russian keyboard layout
2024-01-19 15:33:40,647 - ruautogui.keyboard - DEBUG - Switched to russian keyboard layout
2024-01-19 15:33:40,930 - ruautogui.keyboard - DEBUG - Switched to english keyboard layout
2024-01-19 15:33:40,930 - ruautogui.keyboard - DEBUG - Switched to english keyboard layout
2024-01-19 15:33:41,119 - ruautogui.keyboard - DEBUG - Switched to russian keyboard layout
2024-01-19 15:33:41,119 - ruautogui.keyboard - DEBUG - Switched to russian keyboard layout
2024-01-19 15:33:41,927 - ruautogui.keyboard - DEBUG - Switched to english keyboard layout
2024-01-19 15:33:41,927 - ruautogui.keyboard - DEBUG - Switched to english keyboard layout
2024-01-19 15:33:42,074 - ruautogui.keyboard - DEBUG - Switched to russian keyboard layout
2024-01-19 15:33:42,074 - ruautogui.keyboard - DEBUG - Switched to russian keyboard layout
2024-01-19 15:33:42,812 - ruautogui.keyboard - DEBUG - Switched to english keyboard layout
2024-01-19 15:33:42,812 - ruautogui.keyboard - DEBUG - Switched to english keyboard layout
2024-01-19 15:33:43,008 - ruautogui.keyboard - DEBUG - Switched to russian keyboard layout
2024-01-19 15:33:43,008 - ruautogui.keyboard - DEBUG - Switched to russian keyboard layout
2024-01-19 15:33:43,236 - ruautogui.keyboard - DEBUG - Switched to english keyboard layout
2024-01-19 15:33:43,236 - ruautogui.keyboard - DEBUG - Switched to english keyboard layout
2024-01-19 15:33:43,375 - ruautogui.keyboard - DEBUG - Switched to russian keyboard layout
2024-01-19 15:33:43,375 - ruautogui.keyboard - DEBUG - Switched to russian keyboard layout
2024-01-19 15:33:43,907 - ruautogui.keyboard - DEBUG - Switched to english keyboard layout
2024-01-19 15:33:43,907 - ruautogui.keyboard - DEBUG - Switched to english keyboard layout
2024-01-19 15:33:44,063 - ruautogui.keyboard - DEBUG - Switched to russian keyboard layout
2024-01-19 15:33:44,063 - ruautogui.keyboard - DEBUG - Switched to russian keyboard layout
2024-01-19 15:33:45,045 - ruautogui.keyboard - DEBUG - Switched to english keyboard layout
2024-01-19 15:33:45,045 - ruautogui.keyboard - DEBUG - Switched to english keyboard layout
2024-01-19 15:33:45,181 - ruautogui.keyboard - DEBUG - Switched to russian keyboard layout
2024-01-19 15:33:45,181 - ruautogui.keyboard - DEBUG - Switched to russian keyboard layout
2024-01-19 15:33:45,606 - ruautogui.keyboard - DEBUG - Switched to english keyboard layout
2024-01-19 15:33:45,606 - ruautogui.keyboard - DEBUG - Switched to english keyboard layout
2024-01-19 15:33:45,779 - ruautogui.keyboard - DEBUG - Switched to russian keyboard layout
2024-01-19 15:33:45,779 - ruautogui.keyboard - DEBUG - Switched to russian keyboard layout
2024-01-19 15:33:47,298 - ruautogui.keyboard - DEBUG - Switched to english keyboard layout
2024-01-19 15:33:47,298 - ruautogui.keyboard - DEBUG - Switched to english keyboard layout
2024-01-19 15:33:47,461 - ruautogui.keyboard - DEBUG - Switched to russian keyboard layout
2024-01-19 15:33:47,461 - ruautogui.keyboard - DEBUG - Switched to russian keyboard layout
2024-01-19 15:33:47,733 - ruautogui.keyboard - DEBUG - Switched to english keyboard layout
2024-01-19 15:33:47,733 - ruautogui.keyboard - DEBUG - Switched to english keyboard layout
2024-01-19 15:33:47,902 - ruautogui.keyboard - DEBUG - Switched to russian keyboard layout
2024-01-19 15:33:47,902 - ruautogui.keyboard - DEBUG - Switched to russian keyboard layout
2024-01-19 15:33:48,007 - ruautogui.keyboard - DEBUG - Switched to russian keyboard layout
2024-01-19 15:33:48,007 - ruautogui.keyboard - DEBUG - Switched to russian keyboard layout
2024-01-19 15:33:48,428 - ruautogui.keyboard - DEBUG - Switched to english keyboard layout
2024-01-19 15:33:48,428 - ruautogui.keyboard - DEBUG - Switched to english keyboard layout
2024-01-19 15:33:48,615 - ruautogui.keyboard - DEBUG - Switched to russian keyboard layout
2024-01-19 15:33:48,615 - ruautogui.keyboard - DEBUG - Switched to russian keyboard layout
2024-01-19 15:33:49,627 - ruautogui.keyboard - DEBUG - Switched to english keyboard layout
2024-01-19 15:33:49,627 - ruautogui.keyboard - DEBUG - Switched to english keyboard layout
2024-01-19 15:33:49,763 - ruautogui.keyboard - DEBUG - Switched to russian keyboard layout
2024-01-19 15:33:49,763 - ruautogui.keyboard - DEBUG - Switched to russian keyboard layout
2024-01-19 15:33:50,042 - ruautogui.keyboard - DEBUG - Switched to english keyboard layout
2024-01-19 15:33:50,042 - ruautogui.keyboard - DEBUG - Switched to english keyboard layout
2024-01-19 15:33:50,199 - ruautogui.keyboard - DEBUG - Switched to russian keyboard layout
2024-01-19 15:33:50,199 - ruautogui.keyboard - DEBUG - Switched to russian keyboard layout
2024-01-19 15:33:50,433 - ruautogui.keyboard - DEBUG - Switched to english keyboard layout
2024-01-19 15:33:50,433 - ruautogui.keyboard - DEBUG - Switched to english keyboard layout
2024-01-19 15:33:50,583 - ruautogui.keyboard - DEBUG - Switched to russian keyboard layout
2024-01-19 15:33:50,583 - ruautogui.keyboard - DEBUG - Switched to russian keyboard layout
2024-01-19 15:33:50,935 - ruautogui.keyboard - DEBUG - Switched to english keyboard layout
2024-01-19 15:33:50,935 - ruautogui.keyboard - DEBUG - Switched to english keyboard layout
2024-01-19 15:33:51,098 - ruautogui.keyboard - DEBUG - Switched to russian keyboard layout
2024-01-19 15:33:51,098 - ruautogui.keyboard - DEBUG - Switched to russian keyboard layout
2024-01-19 15:33:52,081 - ruautogui.keyboard - DEBUG - Switched to english keyboard layout
2024-01-19 15:33:52,081 - ruautogui.keyboard - DEBUG - Switched to english keyboard layout
2024-01-19 15:33:52,232 - ruautogui.keyboard - DEBUG - Switched to russian keyboard layout
2024-01-19 15:33:52,232 - ruautogui.keyboard - DEBUG - Switched to russian keyboard layout
2024-01-19 15:33:52,401 - ruautogui.keyboard - DEBUG - Switched to english keyboard layout
2024-01-19 15:33:52,401 - ruautogui.keyboard - DEBUG - Switched to english keyboard layout
2024-01-19 15:33:52,560 - ruautogui.keyboard - DEBUG - Switched to russian keyboard layout
2024-01-19 15:33:52,560 - ruautogui.keyboard - DEBUG - Switched to russian keyboard layout
2024-01-19 15:33:52,973 - ruautogui.keyboard - DEBUG - Switched to english keyboard layout
2024-01-19 15:33:52,973 - ruautogui.keyboard - DEBUG - Switched to english keyboard layout
2024-01-19 15:33:53,175 - ruautogui.keyboard - DEBUG - Switched to russian keyboard layout
2024-01-19 15:33:53,175 - ruautogui.keyboard - DEBUG - Switched to russian keyboard layout
2024-01-19 15:33:53,371 - ruautogui.keyboard - DEBUG - Switched to english keyboard layout
2024-01-19 15:33:53,371 - ruautogui.keyboard - DEBUG - Switched to english keyboard layout
2024-01-19 15:33:53,543 - ruautogui.keyboard - DEBUG - Switched to russian keyboard layout
2024-01-19 15:33:53,543 - ruautogui.keyboard - DEBUG - Switched to russian keyboard layout
2024-01-19 15:33:54,749 - ruautogui.keyboard - DEBUG - Switched to english keyboard layout
2024-01-19 15:33:54,749 - ruautogui.keyboard - DEBUG - Switched to english keyboard layout
2024-01-19 15:33:54,911 - ruautogui.keyboard - DEBUG - Switched to russian keyboard layout
2024-01-19 15:33:54,911 - ruautogui.keyboard - DEBUG - Switched to russian keyboard layout
2024-01-19 15:33:55,275 - ruautogui.keyboard - DEBUG - Switched to english keyboard layout
2024-01-19 15:33:55,275 - ruautogui.keyboard - DEBUG - Switched to english keyboard layout
2024-01-19 15:33:55,437 - ruautogui.keyboard - DEBUG - Switched to russian keyboard layout
2024-01-19 15:33:55,437 - ruautogui.keyboard - DEBUG - Switched to russian keyboard layout
2024-01-19 15:33:57,208 - ruautogui.keyboard - DEBUG - Switched to english keyboard layout
2024-01-19 15:33:57,208 - ruautogui.keyboard - DEBUG - Switched to english keyboard layout
2024-01-19 15:33:57,381 - ruautogui.keyboard - DEBUG - Switched to russian keyboard layout
2024-01-19 15:33:57,381 - ruautogui.keyboard - DEBUG - Switched to russian keyboard layout
2024-01-19 15:33:57,767 - ruautogui.keyboard - DEBUG - Switched to english keyboard layout
2024-01-19 15:33:57,767 - ruautogui.keyboard - DEBUG - Switched to english keyboard layout
2024-01-19 15:33:57,870 - ruautogui.keyboard - DEBUG - Switched to english keyboard layout
2024-01-19 15:33:57,870 - ruautogui.keyboard - DEBUG - Switched to english keyboard layout
2024-01-19 15:33:57,973 - ruautogui.keyboard - DEBUG - Switched to english keyboard layout
2024-01-19 15:33:57,973 - ruautogui.keyboard - DEBUG - Switched to english keyboard layout
2024-01-19 15:33:58,077 - ruautogui.keyboard - DEBUG - Switched to english keyboard layout
2024-01-19 15:33:58,077 - ruautogui.keyboard - DEBUG - Switched to english keyboard layout
2024-01-19 15:33:58,263 - ruautogui.keyboard - DEBUG - Switched to russian keyboard layout
2024-01-19 15:33:58,263 - ruautogui.keyboard - DEBUG - Switched to russian keyboard layout
2024-01-19 15:33:59,892 - ruautogui.keyboard - DEBUG - Switched to english keyboard layout
2024-01-19 15:33:59,892 - ruautogui.keyboard - DEBUG - Switched to english keyboard layout
2024-01-19 15:34:00,050 - ruautogui.keyboard - DEBUG - Switched to russian keyboard layout
2024-01-19 15:34:00,050 - ruautogui.keyboard - DEBUG - Switched to russian keyboard layout
2024-01-19 15:34:00,403 - ruautogui.keyboard - DEBUG - Switched to english keyboard layout
2024-01-19 15:34:00,403 - ruautogui.keyboard - DEBUG - Switched to english keyboard layout
2024-01-19 15:34:00,573 - ruautogui.keyboard - DEBUG - Switched to russian keyboard layout
2024-01-19 15:34:00,573 - ruautogui.keyboard - DEBUG - Switched to russian keyboard layout
2024-01-19 15:34:01,206 - ruautogui.keyboard - DEBUG - Switched to english keyboard layout
2024-01-19 15:34:01,206 - ruautogui.keyboard - DEBUG - Switched to english keyboard layout
2024-01-19 15:34:01,346 - ruautogui.keyboard - DEBUG - Switched to russian keyboard layout
2024-01-19 15:34:01,346 - ruautogui.keyboard - DEBUG - Switched to russian keyboard layout
2024-01-19 15:34:01,810 - ruautogui.keyboard - DEBUG - Switched to english keyboard layout
2024-01-19 15:34:01,810 - ruautogui.keyboard - DEBUG - Switched to english keyboard layout
2024-01-19 15:34:01,994 - ruautogui.keyboard - DEBUG - Switched to russian keyboard layout
2024-01-19 15:34:01,994 - ruautogui.keyboard - DEBUG - Switched to russian keyboard layout
2024-01-19 15:34:04,236 - ruautogui.keyboard - DEBUG - Switched to english keyboard layout
2024-01-19 15:34:04,236 - ruautogui.keyboard - DEBUG - Switched to english keyboard layout
2024-01-19 15:34:04,396 - ruautogui.keyboard - DEBUG - Switched to russian keyboard layout
2024-01-19 15:34:04,396 - ruautogui.keyboard - DEBUG - Switched to russian keyboard layout
2024-01-19 15:34:04,609 - ruautogui.keyboard - DEBUG - Switched to english keyboard layout
2024-01-19 15:34:04,609 - ruautogui.keyboard - DEBUG - Switched to english keyboard layout
2024-01-19 15:34:04,787 - ruautogui.keyboard - DEBUG - Switched to russian keyboard layout
2024-01-19 15:34:04,787 - ruautogui.keyboard - DEBUG - Switched to russian keyboard layout
2024-01-19 15:34:05,235 - ruautogui.keyboard - DEBUG - Switched to english keyboard layout
2024-01-19 15:34:05,235 - ruautogui.keyboard - DEBUG - Switched to english keyboard layout
2024-01-19 15:34:05,375 - ruautogui.keyboard - DEBUG - Switched to russian keyboard layout
2024-01-19 15:34:05,375 - ruautogui.keyboard - DEBUG - Switched to russian keyboard layout
2024-01-19 15:34:06,106 - ruautogui.keyboard - DEBUG - Switched to english keyboard layout
2024-01-19 15:34:06,106 - ruautogui.keyboard - DEBUG - Switched to english keyboard layout
2024-01-19 15:34:06,258 - ruautogui.keyboard - DEBUG - Switched to russian keyboard layout
2024-01-19 15:34:06,258 - ruautogui.keyboard - DEBUG - Switched to russian keyboard layout
2024-01-19 15:34:06,588 - ruautogui.keyboard - DEBUG - Switched to english keyboard layout
2024-01-19 15:34:06,588 - ruautogui.keyboard - DEBUG - Switched to english keyboard layout
2024-01-19 15:34:06,753 - ruautogui.keyboard - DEBUG - Switched to russian keyboard layout
2024-01-19 15:34:06,753 - ruautogui.keyboard - DEBUG - Switched to russian keyboard layout
2024-01-19 15:34:07,990 - ruautogui.keyboard - DEBUG - Switched to english keyboard layout
2024-01-19 15:34:07,990 - ruautogui.keyboard - DEBUG - Switched to english keyboard layout
2024-01-19 15:34:08,166 - ruautogui.keyboard - DEBUG - Switched to russian keyboard layout
2024-01-19 15:34:08,166 - ruautogui.keyboard - DEBUG - Switched to russian keyboard layout
2024-01-19 15:34:08,579 - ruautogui.keyboard - DEBUG - Switched to english keyboard layout
2024-01-19 15:34:08,579 - ruautogui.keyboard - DEBUG - Switched to english keyboard layout
2024-01-19 15:34:08,773 - ruautogui.keyboard - DEBUG - Switched to russian keyboard layout
2024-01-19 15:34:08,773 - ruautogui.keyboard - DEBUG - Switched to russian keyboard layout
2024-01-19 15:34:09,977 - ruautogui.keyboard - DEBUG - Switched to english keyboard layout
2024-01-19 15:34:09,977 - ruautogui.keyboard - DEBUG - Switched to english keyboard layout
2024-01-19 15:34:10,166 - ruautogui.keyboard - DEBUG - Switched to russian keyboard layout
2024-01-19 15:34:10,166 - ruautogui.keyboard - DEBUG - Switched to russian keyboard layout
2024-01-19 15:34:10,452 - ruautogui.keyboard - DEBUG - Switched to english keyboard layout
2024-01-19 15:34:10,452 - ruautogui.keyboard - DEBUG - Switched to english keyboard layout
2024-01-19 15:34:10,648 - ruautogui.keyboard - DEBUG - Switched to russian keyboard layout
2024-01-19 15:34:10,648 - ruautogui.keyboard - DEBUG - Switched to russian keyboard layout
2024-01-19 15:34:10,880 - ruautogui.keyboard - DEBUG - Switched to english keyboard layout
2024-01-19 15:34:10,880 - ruautogui.keyboard - DEBUG - Switched to english keyboard layout
2024-01-19 15:34:11,014 - ruautogui.keyboard - DEBUG - Switched to russian keyboard layout
2024-01-19 15:34:11,014 - ruautogui.keyboard - DEBUG - Switched to russian keyboard layout
2024-01-19 15:34:11,509 - ruautogui.keyboard - DEBUG - Switched to english keyboard layout
2024-01-19 15:34:11,509 - ruautogui.keyboard - DEBUG - Switched to english keyboard layout
2024-01-19 15:34:11,683 - ruautogui.keyboard - DEBUG - Switched to russian keyboard layout
2024-01-19 15:34:11,683 - ruautogui.keyboard - DEBUG - Switched to russian keyboard layout
2024-01-19 15:34:11,950 - ruautogui.keyboard - DEBUG - Switched to english keyboard layout
2024-01-19 15:34:11,950 - ruautogui.keyboard - DEBUG - Switched to english keyboard layout
2024-01-19 15:34:12,138 - ruautogui.keyboard - DEBUG - Switched to russian keyboard layout
2024-01-19 15:34:12,138 - ruautogui.keyboard - DEBUG - Switched to russian keyboard layout
2024-01-19 15:34:12,476 - ruautogui.keyboard - DEBUG - Switched to english keyboard layout
2024-01-19 15:34:12,476 - ruautogui.keyboard - DEBUG - Switched to english keyboard layout
2024-01-19 15:34:12,628 - ruautogui.keyboard - DEBUG - Switched to russian keyboard layout
2024-01-19 15:34:12,628 - ruautogui.keyboard - DEBUG - Switched to russian keyboard layout
2024-01-19 15:34:14,666 - ruautogui.keyboard - DEBUG - Switched to english keyboard layout
2024-01-19 15:34:14,666 - ruautogui.keyboard - DEBUG - Switched to english keyboard layout
2024-01-19 15:34:14,822 - ruautogui.keyboard - DEBUG - Switched to russian keyboard layout
2024-01-19 15:34:14,822 - ruautogui.keyboard - DEBUG - Switched to russian keyboard layout
2024-01-19 15:34:15,261 - ruautogui.keyboard - DEBUG - Switched to english keyboard layout
2024-01-19 15:34:15,261 - ruautogui.keyboard - DEBUG - Switched to english keyboard layout
2024-01-19 15:34:15,403 - ruautogui.keyboard - DEBUG - Switched to russian keyboard layout
2024-01-19 15:34:15,403 - ruautogui.keyboard - DEBUG - Switched to russian keyboard layout
2024-01-19 15:34:17,449 - ruautogui.keyboard - DEBUG - Switched to english keyboard layout
2024-01-19 15:34:17,449 - ruautogui.keyboard - DEBUG - Switched to english keyboard layout
2024-01-19 15:34:17,591 - ruautogui.keyboard - DEBUG - Switched to russian keyboard layout
2024-01-19 15:34:17,591 - ruautogui.keyboard - DEBUG - Switched to russian keyboard layout
2024-01-19 15:34:17,812 - ruautogui.keyboard - DEBUG - Switched to english keyboard layout
2024-01-19 15:34:17,812 - ruautogui.keyboard - DEBUG - Switched to english keyboard layout
2024-01-19 15:34:17,994 - ruautogui.keyboard - DEBUG - Switched to russian keyboard layout
2024-01-19 15:34:17,994 - ruautogui.keyboard - DEBUG - Switched to russian keyboard layout
2024-01-19 15:34:18,423 - ruautogui.keyboard - DEBUG - Switched to english keyboard layout
2024-01-19 15:34:18,423 - ruautogui.keyboard - DEBUG - Switched to english keyboard layout
2024-01-19 15:34:18,597 - ruautogui.keyboard - DEBUG - Switched to russian keyboard layout
2024-01-19 15:34:18,597 - ruautogui.keyboard - DEBUG - Switched to russian keyboard layout
2024-01-19 15:34:19,378 - ruautogui.keyboard - DEBUG - Switched to english keyboard layout
2024-01-19 15:34:19,378 - ruautogui.keyboard - DEBUG - Switched to english keyboard layout
2024-01-19 15:34:19,583 - ruautogui.keyboard - DEBUG - Switched to russian keyboard layout
2024-01-19 15:34:19,583 - ruautogui.keyboard - DEBUG - Switched to russian keyboard layout
2024-01-19 15:34:19,937 - ruautogui.keyboard - DEBUG - Switched to english keyboard layout
2024-01-19 15:34:19,937 - ruautogui.keyboard - DEBUG - Switched to english keyboard layout
2024-01-19 15:34:20,116 - ruautogui.keyboard - DEBUG - Switched to russian keyboard layout
2024-01-19 15:34:20,116 - ruautogui.keyboard - DEBUG - Switched to russian keyboard layout
2024-01-19 15:34:21,216 - ruautogui.keyboard - DEBUG - Switched to english keyboard layout
2024-01-19 15:34:21,216 - ruautogui.keyboard - DEBUG - Switched to english keyboard layout
2024-01-19 15:34:21,370 - ruautogui.keyboard - DEBUG - Switched to russian keyboard layout
2024-01-19 15:34:21,370 - ruautogui.keyboard - DEBUG - Switched to russian keyboard layout
2024-01-19 15:34:21,780 - ruautogui.keyboard - DEBUG - Switched to english keyboard layout
2024-01-19 15:34:21,780 - ruautogui.keyboard - DEBUG - Switched to english keyboard layout
2024-01-19 15:34:21,977 - ruautogui.keyboard - DEBUG - Switched to russian keyboard layout
2024-01-19 15:34:21,977 - ruautogui.keyboard - DEBUG - Switched to russian keyboard layout
2024-01-19 15:34:22,644 - ruautogui.keyboard - DEBUG - Switched to english keyboard layout
2024-01-19 15:34:22,644 - ruautogui.keyboard - DEBUG - Switched to english keyboard layout
2024-01-19 15:34:22,795 - ruautogui.keyboard - DEBUG - Switched to russian keyboard layout
2024-01-19 15:34:22,795 - ruautogui.keyboard - DEBUG - Switched to russian keyboard layout
2024-01-19 15:34:23,022 - ruautogui.keyboard - DEBUG - Switched to english keyboard layout
2024-01-19 15:34:23,022 - ruautogui.keyboard - DEBUG - Switched to english keyboard layout
2024-01-19 15:34:23,163 - ruautogui.keyboard - DEBUG - Switched to russian keyboard layout
2024-01-19 15:34:23,163 - ruautogui.keyboard - DEBUG - Switched to russian keyboard layout
2024-01-19 15:34:23,453 - ruautogui.keyboard - DEBUG - Switched to english keyboard layout
2024-01-19 15:34:23,453 - ruautogui.keyboard - DEBUG - Switched to english keyboard layout
2024-01-19 15:34:23,609 - ruautogui.keyboard - DEBUG - Switched to russian keyboard layout
2024-01-19 15:34:23,609 - ruautogui.keyboard - DEBUG - Switched to russian keyboard layout
2024-01-19 15:34:24,082 - ruautogui.keyboard - DEBUG - Switched to english keyboard layout
2024-01-19 15:34:24,082 - ruautogui.keyboard - DEBUG - Switched to english keyboard layout
2024-01-19 15:34:24,237 - ruautogui.keyboard - DEBUG - Switched to russian keyboard layout
2024-01-19 15:34:24,237 - ruautogui.keyboard - DEBUG - Switched to russian keyboard layout
2024-01-19 15:34:24,485 - ruautogui.keyboard - DEBUG - Switched to english keyboard layout
2024-01-19 15:34:24,485 - ruautogui.keyboard - DEBUG - Switched to english keyboard layout
2024-01-19 15:34:24,665 - ruautogui.keyboard - DEBUG - Switched to russian keyboard layout
2024-01-19 15:34:24,665 - ruautogui.keyboard - DEBUG - Switched to russian keyboard layout
2024-01-19 15:34:24,971 - ruautogui.keyboard - DEBUG - Switched to english keyboard layout
2024-01-19 15:34:24,971 - ruautogui.keyboard - DEBUG - Switched to english keyboard layout
2024-01-19 15:34:25,147 - ruautogui.keyboard - DEBUG - Switched to russian keyboard layout
2024-01-19 15:34:25,147 - ruautogui.keyboard - DEBUG - Switched to russian keyboard layout
2024-01-19 15:34:26,756 - ruautogui.keyboard - DEBUG - Switched to english keyboard layout
2024-01-19 15:34:26,756 - ruautogui.keyboard - DEBUG - Switched to english keyboard layout
2024-01-19 15:34:26,918 - ruautogui.keyboard - DEBUG - Switched to russian keyboard layout
2024-01-19 15:34:26,918 - ruautogui.keyboard - DEBUG - Switched to russian keyboard layout
2024-01-19 15:34:27,142 - ruautogui.keyboard - DEBUG - Switched to english keyboard layout
2024-01-19 15:34:27,142 - ruautogui.keyboard - DEBUG - Switched to english keyboard layout
2024-01-19 15:34:27,310 - ruautogui.keyboard - DEBUG - Switched to russian keyboard layout
2024-01-19 15:34:27,310 - ruautogui.keyboard - DEBUG - Switched to russian keyboard layout
2024-01-19 15:34:28,102 - ruautogui.keyboard - DEBUG - Switched to english keyboard layout
2024-01-19 15:34:28,102 - ruautogui.keyboard - DEBUG - Switched to english keyboard layout
2024-01-19 15:34:28,257 - ruautogui.keyboard - DEBUG - Switched to russian keyboard layout
2024-01-19 15:34:28,257 - ruautogui.keyboard - DEBUG - Switched to russian keyboard layout
2024-01-19 15:34:28,474 - ruautogui.keyboard - DEBUG - Switched to english keyboard layout
2024-01-19 15:34:28,474 - ruautogui.keyboard - DEBUG - Switched to english keyboard layout
2024-01-19 15:34:28,644 - ruautogui.keyboard - DEBUG - Switched to russian keyboard layout
2024-01-19 15:34:28,644 - ruautogui.keyboard - DEBUG - Switched to russian keyboard layout
2024-01-19 15:34:29,130 - ruautogui.keyboard - DEBUG - Switched to english keyboard layout
2024-01-19 15:34:29,130 - ruautogui.keyboard - DEBUG - Switched to english keyboard layout
2024-01-19 15:34:29,298 - ruautogui.keyboard - DEBUG - Switched to russian keyboard layout
2024-01-19 15:34:29,298 - ruautogui.keyboard - DEBUG - Switched to russian keyboard layout
2024-01-19 15:34:30,053 - ruautogui.keyboard - DEBUG - Switched to english keyboard layout
2024-01-19 15:34:30,053 - ruautogui.keyboard - DEBUG - Switched to english keyboard layout
2024-01-19 15:34:30,234 - ruautogui.keyboard - DEBUG - Switched to russian keyboard layout
2024-01-19 15:34:30,234 - ruautogui.keyboard - DEBUG - Switched to russian keyboard layout
2024-01-19 15:34:30,584 - ruautogui.keyboard - DEBUG - Switched to english keyboard layout
2024-01-19 15:34:30,584 - ruautogui.keyboard - DEBUG - Switched to english keyboard layout
2024-01-19 15:35:53,632 - ruautogui.keyboard - DEBUG - Switched to english keyboard layout
2024-01-19 15:35:53,632 - ruautogui.keyboard - DEBUG - Switched to english keyboard layout
2024-01-19 15:35:53,786 - ruautogui.keyboard - DEBUG - Switched to russian keyboard layout
2024-01-19 15:35:53,786 - ruautogui.keyboard - DEBUG - Switched to russian keyboard layout
2024-01-19 15:35:54,057 - ruautogui.keyboard - DEBUG - Switched to english keyboard layout
2024-01-19 15:35:54,057 - ruautogui.keyboard - DEBUG - Switched to english keyboard layout
2024-01-19 15:35:54,240 - ruautogui.keyboard - DEBUG - Switched to russian keyboard layout
2024-01-19 15:35:54,240 - ruautogui.keyboard - DEBUG - Switched to russian keyboard layout
2024-01-19 15:35:54,491 - ruautogui.keyboard - DEBUG - Switched to english keyboard layout
2024-01-19 15:35:54,491 - ruautogui.keyboard - DEBUG - Switched to english keyboard layout
2024-01-19 15:35:54,687 - ruautogui.keyboard - DEBUG - Switched to russian keyboard layout
2024-01-19 15:35:54,687 - ruautogui.keyboard - DEBUG - Switched to russian keyboard layout
2024-01-19 15:35:55,414 - ruautogui.keyboard - DEBUG - Switched to english keyboard layout
2024-01-19 15:35:55,414 - ruautogui.keyboard - DEBUG - Switched to english keyboard layout
2024-01-19 15:35:55,585 - ruautogui.keyboard - DEBUG - Switched to russian keyboard layout
2024-01-19 15:35:55,585 - ruautogui.keyboard - DEBUG - Switched to russian keyboard layout
2024-01-19 15:35:56,538 - ruautogui.keyboard - DEBUG - Switched to english keyboard layout
2024-01-19 15:35:56,538 - ruautogui.keyboard - DEBUG - Switched to english keyboard layout
2024-01-19 15:35:56,699 - ruautogui.keyboard - DEBUG - Switched to russian keyboard layout
2024-01-19 15:35:56,699 - ruautogui.keyboard - DEBUG - Switched to russian keyboard layout
2024-01-19 15:35:57,385 - ruautogui.keyboard - DEBUG - Switched to english keyboard layout
2024-01-19 15:35:57,385 - ruautogui.keyboard - DEBUG - Switched to english keyboard layout
2024-01-19 15:35:57,647 - ruautogui.keyboard - DEBUG - Switched to russian keyboard layout
2024-01-19 15:35:57,647 - ruautogui.keyboard - DEBUG - Switched to russian keyboard layout
2024-01-19 15:35:58,108 - ruautogui.keyboard - DEBUG - Switched to english keyboard layout
2024-01-19 15:35:58,108 - ruautogui.keyboard - DEBUG - Switched to english keyboard layout
2024-01-19 15:35:58,246 - ruautogui.keyboard - DEBUG - Switched to russian keyboard layout
2024-01-19 15:35:58,246 - ruautogui.keyboard - DEBUG - Switched to russian keyboard layout
2024-01-19 15:36:00,439 - ruautogui.keyboard - DEBUG - Switched to english keyboard layout
2024-01-19 15:36:00,439 - ruautogui.keyboard - DEBUG - Switched to english keyboard layout
2024-01-19 15:36:00,603 - ruautogui.keyboard - DEBUG - Switched to russian keyboard layout
2024-01-19 15:36:00,603 - ruautogui.keyboard - DEBUG - Switched to russian keyboard layout
2024-01-19 15:36:01,411 - ruautogui.keyboard - DEBUG - Switched to english keyboard layout
2024-01-19 15:36:01,411 - ruautogui.keyboard - DEBUG - Switched to english keyboard layout
2024-01-19 15:36:01,583 - ruautogui.keyboard - DEBUG - Switched to russian keyboard layout
2024-01-19 15:36:01,583 - ruautogui.keyboard - DEBUG - Switched to russian keyboard layout
2024-01-19 15:36:01,929 - ruautogui.keyboard - DEBUG - Switched to english keyboard layout
2024-01-19 15:36:01,929 - ruautogui.keyboard - DEBUG - Switched to english keyboard layout
2024-01-19 15:36:02,125 - ruautogui.keyboard - DEBUG - Switched to russian keyboard layout
2024-01-19 15:36:02,125 - ruautogui.keyboard - DEBUG - Switched to russian keyboard layout
2024-01-19 15:36:02,481 - ruautogui.keyboard - DEBUG - Switched to english keyboard layout
2024-01-19 15:36:02,481 - ruautogui.keyboard - DEBUG - Switched to english keyboard layout
2024-01-19 15:36:02,664 - ruautogui.keyboard - DEBUG - Switched to russian keyboard layout
2024-01-19 15:36:02,664 - ruautogui.keyboard - DEBUG - Switched to russian keyboard layout
2024-01-19 15:36:03,170 - ruautogui.keyboard - DEBUG - Switched to english keyboard layout
2024-01-19 15:36:03,170 - ruautogui.keyboard - DEBUG - Switched to english keyboard layout
2024-01-19 15:36:03,556 - ruautogui.keyboard - DEBUG - Switched to russian keyboard layout
2024-01-19 15:36:03,556 - ruautogui.keyboard - DEBUG - Switched to russian keyboard layout
2024-01-19 15:36:03,995 - ruautogui.keyboard - DEBUG - Switched to english keyboard layout
2024-01-19 15:36:03,995 - ruautogui.keyboard - DEBUG - Switched to english keyboard layout
2024-01-19 15:36:04,153 - ruautogui.keyboard - DEBUG - Switched to russian keyboard layout
2024-01-19 15:36:04,153 - ruautogui.keyboard - DEBUG - Switched to russian keyboard layout
2024-01-19 15:36:04,969 - ruautogui.keyboard - DEBUG - Switched to english keyboard layout
2024-01-19 15:36:04,969 - ruautogui.keyboard - DEBUG - Switched to english keyboard layout
2024-01-19 15:36:05,156 - ruautogui.keyboard - DEBUG - Switched to russian keyboard layout
2024-01-19 15:36:05,156 - ruautogui.keyboard - DEBUG - Switched to russian keyboard layout
2024-01-19 15:36:05,395 - ruautogui.keyboard - DEBUG - Switched to english keyboard layout
2024-01-19 15:36:05,395 - ruautogui.keyboard - DEBUG - Switched to english keyboard layout
2024-01-19 15:36:05,580 - ruautogui.keyboard - DEBUG - Switched to russian keyboard layout
2024-01-19 15:36:05,580 - ruautogui.keyboard - DEBUG - Switched to russian keyboard layout
2024-01-19 15:36:07,031 - ruautogui.keyboard - DEBUG - Switched to english keyboard layout
2024-01-19 15:36:07,031 - ruautogui.keyboard - DEBUG - Switched to english keyboard layout
2024-01-19 15:36:07,188 - ruautogui.keyboard - DEBUG - Switched to russian keyboard layout
2024-01-19 15:36:07,188 - ruautogui.keyboard - DEBUG - Switched to russian keyboard layout
2024-01-19 15:36:08,017 - ruautogui.keyboard - DEBUG - Switched to english keyboard layout
2024-01-19 15:36:08,017 - ruautogui.keyboard - DEBUG - Switched to english keyboard layout
2024-01-19 15:36:08,206 - ruautogui.keyboard - DEBUG - Switched to russian keyboard layout
2024-01-19 15:36:08,206 - ruautogui.keyboard - DEBUG - Switched to russian keyboard layout
2024-01-19 15:36:10,626 - ruautogui.keyboard - DEBUG - Switched to english keyboard layout
2024-01-19 15:36:10,626 - ruautogui.keyboard - DEBUG - Switched to english keyboard layout
2024-01-19 15:36:10,799 - ruautogui.keyboard - DEBUG - Switched to russian keyboard layout
2024-01-19 15:36:10,799 - ruautogui.keyboard - DEBUG - Switched to russian keyboard layout
2024-01-19 15:36:12,655 - ruautogui.keyboard - DEBUG - Switched to english keyboard layout
2024-01-19 15:36:12,655 - ruautogui.keyboard - DEBUG - Switched to english keyboard layout
2024-01-19 15:36:12,829 - ruautogui.keyboard - DEBUG - Switched to russian keyboard layout
2024-01-19 15:36:12,829 - ruautogui.keyboard - DEBUG - Switched to russian keyboard layout
2024-01-19 15:36:13,516 - ruautogui.keyboard - DEBUG - Switched to english keyboard layout
2024-01-19 15:36:13,516 - ruautogui.keyboard - DEBUG - Switched to english keyboard layout
2024-01-19 15:36:13,670 - ruautogui.keyboard - DEBUG - Switched to russian keyboard layout
2024-01-19 15:36:13,670 - ruautogui.keyboard - DEBUG - Switched to russian keyboard layout
2024-01-19 15:36:13,903 - ruautogui.keyboard - DEBUG - Switched to english keyboard layout
2024-01-19 15:36:13,903 - ruautogui.keyboard - DEBUG - Switched to english keyboard layout
2024-01-19 15:36:14,077 - ruautogui.keyboard - DEBUG - Switched to russian keyboard layout
2024-01-19 15:36:14,077 - ruautogui.keyboard - DEBUG - Switched to russian keyboard layout
2024-01-19 15:36:14,220 - ruautogui.keyboard - DEBUG - Switched to english keyboard layout
2024-01-19 15:36:14,220 - ruautogui.keyboard - DEBUG - Switched to english keyboard layout
2024-01-19 15:36:14,381 - ruautogui.keyboard - DEBUG - Switched to russian keyboard layout
2024-01-19 15:36:14,381 - ruautogui.keyboard - DEBUG - Switched to russian keyboard layout
2024-01-19 15:36:14,783 - ruautogui.keyboard - DEBUG - Switched to english keyboard layout
2024-01-19 15:36:14,783 - ruautogui.keyboard - DEBUG - Switched to english keyboard layout
2024-01-19 15:36:14,962 - ruautogui.keyboard - DEBUG - Switched to russian keyboard layout
2024-01-19 15:36:14,962 - ruautogui.keyboard - DEBUG - Switched to russian keyboard layout
2024-01-19 15:36:15,516 - ruautogui.keyboard - DEBUG - Switched to english keyboard layout
2024-01-19 15:36:15,516 - ruautogui.keyboard - DEBUG - Switched to english keyboard layout
2024-01-19 15:36:15,682 - ruautogui.keyboard - DEBUG - Switched to russian keyboard layout
2024-01-19 15:36:15,682 - ruautogui.keyboard - DEBUG - Switched to russian keyboard layout
2024-01-19 15:36:16,586 - ruautogui.keyboard - DEBUG - Switched to english keyboard layout
2024-01-19 15:36:16,586 - ruautogui.keyboard - DEBUG - Switched to english keyboard layout
2024-01-19 15:36:16,750 - ruautogui.keyboard - DEBUG - Switched to russian keyboard layout
2024-01-19 15:36:16,750 - ruautogui.keyboard - DEBUG - Switched to russian keyboard layout
2024-01-19 15:36:17,672 - ruautogui.keyboard - DEBUG - Switched to english keyboard layout
2024-01-19 15:36:17,672 - ruautogui.keyboard - DEBUG - Switched to english keyboard layout
2024-01-19 15:36:17,825 - ruautogui.keyboard - DEBUG - Switched to russian keyboard layout
2024-01-19 15:36:17,825 - ruautogui.keyboard - DEBUG - Switched to russian keyboard layout
2024-01-19 15:36:18,277 - ruautogui.keyboard - DEBUG - Switched to english keyboard layout
2024-01-19 15:36:18,277 - ruautogui.keyboard - DEBUG - Switched to english keyboard layout
2024-01-19 15:36:18,460 - ruautogui.keyboard - DEBUG - Switched to russian keyboard layout
2024-01-19 15:36:18,460 - ruautogui.keyboard - DEBUG - Switched to russian keyboard layout
2024-01-19 15:36:18,926 - ruautogui.keyboard - DEBUG - Switched to english keyboard layout
2024-01-19 15:36:18,926 - ruautogui.keyboard - DEBUG - Switched to english keyboard layout
2024-01-19 15:36:19,082 - ruautogui.keyboard - DEBUG - Switched to russian keyboard layout
2024-01-19 15:36:19,082 - ruautogui.keyboard - DEBUG - Switched to russian keyboard layout
2024-01-19 15:37:59,727 - ruautogui.keyboard - DEBUG - Switched to english keyboard layout
2024-01-19 15:37:59,727 - ruautogui.keyboard - DEBUG - Switched to english keyboard layout
2024-01-19 15:37:59,882 - ruautogui.keyboard - DEBUG - Switched to russian keyboard layout
2024-01-19 15:37:59,882 - ruautogui.keyboard - DEBUG - Switched to russian keyboard layout
2024-01-19 15:38:00,153 - ruautogui.keyboard - DEBUG - Switched to english keyboard layout
2024-01-19 15:38:00,153 - ruautogui.keyboard - DEBUG - Switched to english keyboard layout
2024-01-19 15:38:00,334 - ruautogui.keyboard - DEBUG - Switched to russian keyboard layout
2024-01-19 15:38:00,334 - ruautogui.keyboard - DEBUG - Switched to russian keyboard layout
2024-01-19 15:38:00,521 - ruautogui.keyboard - DEBUG - Switched to english keyboard layout
2024-01-19 15:38:00,521 - ruautogui.keyboard - DEBUG - Switched to english keyboard layout
2024-01-19 15:38:00,728 - ruautogui.keyboard - DEBUG - Switched to russian keyboard layout
2024-01-19 15:38:00,728 - ruautogui.keyboard - DEBUG - Switched to russian keyboard layout
2024-01-19 15:38:01,530 - ruautogui.keyboard - DEBUG - Switched to english keyboard layout
2024-01-19 15:38:01,530 - ruautogui.keyboard - DEBUG - Switched to english keyboard layout
2024-01-19 15:38:01,711 - ruautogui.keyboard - DEBUG - Switched to russian keyboard layout
2024-01-19 15:38:01,711 - ruautogui.keyboard - DEBUG - Switched to russian keyboard layout
2024-01-19 15:38:02,638 - ruautogui.keyboard - DEBUG - Switched to english keyboard layout
2024-01-19 15:38:02,638 - ruautogui.keyboard - DEBUG - Switched to english keyboard layout
2024-01-19 15:38:02,809 - ruautogui.keyboard - DEBUG - Switched to russian keyboard layout
2024-01-19 15:38:02,809 - ruautogui.keyboard - DEBUG - Switched to russian keyboard layout
2024-01-19 15:38:03,515 - ruautogui.keyboard - DEBUG - Switched to english keyboard layout
2024-01-19 15:38:03,515 - ruautogui.keyboard - DEBUG - Switched to english keyboard layout
2024-01-19 15:38:03,744 - ruautogui.keyboard - DEBUG - Switched to russian keyboard layout
2024-01-19 15:38:03,744 - ruautogui.keyboard - DEBUG - Switched to russian keyboard layout
2024-01-19 15:38:04,200 - ruautogui.keyboard - DEBUG - Switched to english keyboard layout
2024-01-19 15:38:04,200 - ruautogui.keyboard - DEBUG - Switched to english keyboard layout
2024-01-19 15:38:04,400 - ruautogui.keyboard - DEBUG - Switched to russian keyboard layout
2024-01-19 15:38:04,400 - ruautogui.keyboard - DEBUG - Switched to russian keyboard layout
2024-01-19 15:38:06,405 - ruautogui.keyboard - DEBUG - Switched to english keyboard layout
2024-01-19 15:38:06,405 - ruautogui.keyboard - DEBUG - Switched to english keyboard layout
2024-01-19 15:38:06,601 - ruautogui.keyboard - DEBUG - Switched to russian keyboard layout
2024-01-19 15:38:06,601 - ruautogui.keyboard - DEBUG - Switched to russian keyboard layout
2024-01-19 15:38:07,341 - ruautogui.keyboard - DEBUG - Switched to english keyboard layout
2024-01-19 15:38:07,341 - ruautogui.keyboard - DEBUG - Switched to english keyboard layout
2024-01-19 15:38:07,480 - ruautogui.keyboard - DEBUG - Switched to russian keyboard layout
2024-01-19 15:38:07,480 - ruautogui.keyboard - DEBUG - Switched to russian keyboard layout
2024-01-19 15:38:07,789 - ruautogui.keyboard - DEBUG - Switched to english keyboard layout
2024-01-19 15:38:07,789 - ruautogui.keyboard - DEBUG - Switched to english keyboard layout
2024-01-19 15:38:07,965 - ruautogui.keyboard - DEBUG - Switched to russian keyboard layout
2024-01-19 15:38:07,965 - ruautogui.keyboard - DEBUG - Switched to russian keyboard layout
2024-01-19 15:38:08,316 - ruautogui.keyboard - DEBUG - Switched to english keyboard layout
2024-01-19 15:38:08,316 - ruautogui.keyboard - DEBUG - Switched to english keyboard layout
2024-01-19 15:38:08,465 - ruautogui.keyboard - DEBUG - Switched to russian keyboard layout
2024-01-19 15:38:08,465 - ruautogui.keyboard - DEBUG - Switched to russian keyboard layout
2024-01-19 15:38:08,958 - ruautogui.keyboard - DEBUG - Switched to english keyboard layout
2024-01-19 15:38:08,958 - ruautogui.keyboard - DEBUG - Switched to english keyboard layout
2024-01-19 15:38:09,351 - ruautogui.keyboard - DEBUG - Switched to russian keyboard layout
2024-01-19 15:38:09,351 - ruautogui.keyboard - DEBUG - Switched to russian keyboard layout
2024-01-19 15:38:09,846 - ruautogui.keyboard - DEBUG - Switched to english keyboard layout
2024-01-19 15:38:09,846 - ruautogui.keyboard - DEBUG - Switched to english keyboard layout
2024-01-19 15:38:10,018 - ruautogui.keyboard - DEBUG - Switched to russian keyboard layout
2024-01-19 15:38:10,018 - ruautogui.keyboard - DEBUG - Switched to russian keyboard layout
2024-01-19 15:38:10,908 - ruautogui.keyboard - DEBUG - Switched to english keyboard layout
2024-01-19 15:38:10,908 - ruautogui.keyboard - DEBUG - Switched to english keyboard layout
2024-01-19 15:38:11,061 - ruautogui.keyboard - DEBUG - Switched to russian keyboard layout
2024-01-19 15:38:11,061 - ruautogui.keyboard - DEBUG - Switched to russian keyboard layout
2024-01-19 15:38:11,305 - ruautogui.keyboard - DEBUG - Switched to english keyboard layout
2024-01-19 15:38:11,305 - ruautogui.keyboard - DEBUG - Switched to english keyboard layout
2024-01-19 15:38:11,459 - ruautogui.keyboard - DEBUG - Switched to russian keyboard layout
2024-01-19 15:38:11,459 - ruautogui.keyboard - DEBUG - Switched to russian keyboard layout
2024-01-19 15:38:12,857 - ruautogui.keyboard - DEBUG - Switched to english keyboard layout
2024-01-19 15:38:12,857 - ruautogui.keyboard - DEBUG - Switched to english keyboard layout
2024-01-19 15:38:13,019 - ruautogui.keyboard - DEBUG - Switched to russian keyboard layout
2024-01-19 15:38:13,019 - ruautogui.keyboard - DEBUG - Switched to russian keyboard layout
2024-01-19 15:38:13,902 - ruautogui.keyboard - DEBUG - Switched to english keyboard layout
2024-01-19 15:38:13,902 - ruautogui.keyboard - DEBUG - Switched to english keyboard layout
2024-01-19 15:38:14,061 - ruautogui.keyboard - DEBUG - Switched to russian keyboard layout
2024-01-19 15:38:14,061 - ruautogui.keyboard - DEBUG - Switched to russian keyboard layout
2024-01-19 15:38:16,358 - ruautogui.keyboard - DEBUG - Switched to english keyboard layout
2024-01-19 15:38:16,358 - ruautogui.keyboard - DEBUG - Switched to english keyboard layout
2024-01-19 15:38:16,521 - ruautogui.keyboard - DEBUG - Switched to russian keyboard layout
2024-01-19 15:38:16,521 - ruautogui.keyboard - DEBUG - Switched to russian keyboard layout
2024-01-19 15:38:18,305 - ruautogui.keyboard - DEBUG - Switched to english keyboard layout
2024-01-19 15:38:18,305 - ruautogui.keyboard - DEBUG - Switched to english keyboard layout
2024-01-19 15:38:18,472 - ruautogui.keyboard - DEBUG - Switched to russian keyboard layout
2024-01-19 15:38:18,472 - ruautogui.keyboard - DEBUG - Switched to russian keyboard layout
2024-01-19 15:38:19,033 - ruautogui.keyboard - DEBUG - Switched to english keyboard layout
2024-01-19 15:38:19,033 - ruautogui.keyboard - DEBUG - Switched to english keyboard layout
2024-01-19 15:38:19,193 - ruautogui.keyboard - DEBUG - Switched to russian keyboard layout
2024-01-19 15:38:19,193 - ruautogui.keyboard - DEBUG - Switched to russian keyboard layout
2024-01-19 15:38:19,424 - ruautogui.keyboard - DEBUG - Switched to english keyboard layout
2024-01-19 15:38:19,424 - ruautogui.keyboard - DEBUG - Switched to english keyboard layout
2024-01-19 15:38:19,600 - ruautogui.keyboard - DEBUG - Switched to russian keyboard layout
2024-01-19 15:38:19,600 - ruautogui.keyboard - DEBUG - Switched to russian keyboard layout
2024-01-19 15:38:19,761 - ruautogui.keyboard - DEBUG - Switched to english keyboard layout
2024-01-19 15:38:19,761 - ruautogui.keyboard - DEBUG - Switched to english keyboard layout
2024-01-19 15:38:19,939 - ruautogui.keyboard - DEBUG - Switched to russian keyboard layout
2024-01-19 15:38:19,939 - ruautogui.keyboard - DEBUG - Switched to russian keyboard layout
2024-01-19 15:38:20,277 - ruautogui.keyboard - DEBUG - Switched to english keyboard layout
2024-01-19 15:38:20,277 - ruautogui.keyboard - DEBUG - Switched to english keyboard layout
2024-01-19 15:38:20,445 - ruautogui.keyboard - DEBUG - Switched to russian keyboard layout
2024-01-19 15:38:20,445 - ruautogui.keyboard - DEBUG - Switched to russian keyboard layout
2024-01-19 15:38:21,008 - ruautogui.keyboard - DEBUG - Switched to english keyboard layout
2024-01-19 15:38:21,008 - ruautogui.keyboard - DEBUG - Switched to english keyboard layout
2024-01-19 15:38:21,186 - ruautogui.keyboard - DEBUG - Switched to russian keyboard layout
2024-01-19 15:38:21,186 - ruautogui.keyboard - DEBUG - Switched to russian keyboard layout
2024-01-19 15:38:22,080 - ruautogui.keyboard - DEBUG - Switched to english keyboard layout
2024-01-19 15:38:22,080 - ruautogui.keyboard - DEBUG - Switched to english keyboard layout
2024-01-19 15:38:22,259 - ruautogui.keyboard - DEBUG - Switched to russian keyboard layout
2024-01-19 15:38:22,259 - ruautogui.keyboard - DEBUG - Switched to russian keyboard layout
2024-01-19 15:38:23,060 - ruautogui.keyboard - DEBUG - Switched to english keyboard layout
2024-01-19 15:38:23,060 - ruautogui.keyboard - DEBUG - Switched to english keyboard layout
2024-01-19 15:38:23,202 - ruautogui.keyboard - DEBUG - Switched to russian keyboard layout
2024-01-19 15:38:23,202 - ruautogui.keyboard - DEBUG - Switched to russian keyboard layout
2024-01-19 15:38:23,712 - ruautogui.keyboard - DEBUG - Switched to english keyboard layout
2024-01-19 15:38:23,712 - ruautogui.keyboard - DEBUG - Switched to english keyboard layout
2024-01-19 15:38:23,887 - ruautogui.keyboard - DEBUG - Switched to russian keyboard layout
2024-01-19 15:38:23,887 - ruautogui.keyboard - DEBUG - Switched to russian keyboard layout
2024-01-19 15:38:24,274 - ruautogui.keyboard - DEBUG - Switched to english keyboard layout
2024-01-19 15:38:24,274 - ruautogui.keyboard - DEBUG - Switched to english keyboard layout
2024-01-19 15:38:24,448 - ruautogui.keyboard - DEBUG - Switched to russian keyboard layout
2024-01-19 15:38:24,448 - ruautogui.keyboard - DEBUG - Switched to russian keyboard layout
2024-01-19 15:38:25,726 - ruautogui.keyboard - DEBUG - Switched to english keyboard layout
2024-01-19 15:38:25,726 - ruautogui.keyboard - DEBUG - Switched to english keyboard layout
2024-01-19 15:40:28,711 - ruautogui.keyboard - DEBUG - Switched to english keyboard layout
2024-01-19 15:40:28,711 - ruautogui.keyboard - DEBUG - Switched to english keyboard layout
2024-01-19 15:40:28,914 - ruautogui.keyboard - DEBUG - Switched to russian keyboard layout
2024-01-19 15:40:28,914 - ruautogui.keyboard - DEBUG - Switched to russian keyboard layout
2024-01-19 15:40:29,243 - ruautogui.keyboard - DEBUG - Switched to english keyboard layout
2024-01-19 15:40:29,243 - ruautogui.keyboard - DEBUG - Switched to english keyboard layout
2024-01-19 15:40:29,407 - ruautogui.keyboard - DEBUG - Switched to russian keyboard layout
2024-01-19 15:40:29,407 - ruautogui.keyboard - DEBUG - Switched to russian keyboard layout
2024-01-19 15:40:29,657 - ruautogui.keyboard - DEBUG - Switched to english keyboard layout
2024-01-19 15:40:29,657 - ruautogui.keyboard - DEBUG - Switched to english keyboard layout
2024-01-19 15:40:29,879 - ruautogui.keyboard - DEBUG - Switched to russian keyboard layout
2024-01-19 15:40:29,879 - ruautogui.keyboard - DEBUG - Switched to russian keyboard layout
